[2025-09-18T06:05:59.820+0000] {manager.py:470} INFO - Processing files using up to 2 processes at a time 
[2025-09-18T06:05:59.821+0000] {manager.py:471} INFO - Process each file at most once every 30 seconds
[2025-09-18T06:05:59.822+0000] {manager.py:472} INFO - Checking for new files in /opt/airflow/dags every 300 seconds
[2025-09-18T06:05:59.822+0000] {manager.py:737} INFO - Searching for files in /opt/airflow/dags
[2025-09-18T06:05:59.841+0000] {manager.py:740} INFO - There are 1 files in /opt/airflow/dags
[2025-09-18T06:05:59.931+0000] {manager.py:878} INFO - 
================================================================================
DAG File Processing Stats

File Path                              PID  Runtime      # DAGs    # Errors  Last Runtime    Last Run
-----------------------------------  -----  ---------  --------  ----------  --------------  ----------
/opt/airflow/dags/faker_pipeline.py    173  0.04s             0           0
================================================================================
[2025-09-18T06:06:32.470+0000] {manager.py:878} INFO - 
================================================================================
DAG File Processing Stats

File Path                            PID    Runtime      # DAGs    # Errors  Last Runtime    Last Run
-----------------------------------  -----  ---------  --------  ----------  --------------  -------------------
/opt/airflow/dags/faker_pipeline.py                           1           0  0.24s           2025-09-18T06:06:30
================================================================================
[2025-09-18T06:07:05.076+0000] {manager.py:878} INFO - 
================================================================================
DAG File Processing Stats

File Path                            PID    Runtime      # DAGs    # Errors  Last Runtime    Last Run
-----------------------------------  -----  ---------  --------  ----------  --------------  -------------------
/opt/airflow/dags/faker_pipeline.py                           1           0  0.14s           2025-09-18T06:07:01
================================================================================
[2025-09-18T06:07:10.983+0000] {manager.py:452} INFO - Exiting gracefully upon receiving signal 15
